<?xml version="1.0" encoding="UTF-8"?>
<testsuite name="resources.CucumbRunnerTest" time="0" tests="15" errors="0" skipped="12" failures="0">
  <properties>
    <property name="java.runtime.name" value="Java(TM) SE Runtime Environment"/>
    <property name="sun.boot.library.path" value="C:\Program Files\Java\jdk1.8.0_45\jre\bin"/>
    <property name="java.vm.version" value="25.45-b02"/>
    <property name="java.vm.vendor" value="Oracle Corporation"/>
    <property name="maven.multiModuleProjectDirectory" value="C:\Users\Michelle\Documents\Les\2017_1\ProjetoFranginho\MicroGerencia\backend"/>
    <property name="java.vendor.url" value="http://java.oracle.com/"/>
    <property name="path.separator" value=";"/>
    <property name="guice.disable.misplaced.annotation.check" value="true"/>
    <property name="java.vm.name" value="Java HotSpot(TM) 64-Bit Server VM"/>
    <property name="file.encoding.pkg" value="sun.io"/>
    <property name="user.script" value=""/>
    <property name="user.country" value="BR"/>
    <property name="sun.java.launcher" value="SUN_STANDARD"/>
    <property name="sun.os.patch.level" value=""/>
    <property name="java.vm.specification.name" value="Java Virtual Machine Specification"/>
    <property name="user.dir" value="C:\Users\Michelle\Documents\Les\2017_1\ProjetoFranginho\MicroGerencia\backend"/>
    <property name="java.runtime.version" value="1.8.0_45-b15"/>
    <property name="java.awt.graphicsenv" value="sun.awt.Win32GraphicsEnvironment"/>
    <property name="java.endorsed.dirs" value="C:\Program Files\Java\jdk1.8.0_45\jre\lib\endorsed"/>
    <property name="os.arch" value="amd64"/>
    <property name="java.io.tmpdir" value="C:\Users\Michelle\AppData\Local\Temp\"/>
    <property name="line.separator" value="&#10;"/>
    <property name="java.vm.specification.vendor" value="Oracle Corporation"/>
    <property name="user.variant" value=""/>
    <property name="os.name" value="Windows 8.1"/>
    <property name="classworlds.conf" value="C:\Users\Michelle\workspace\.metadata\.plugins\org.eclipse.m2e.launching\launches\m2conf1113306688500104510.tmp"/>
    <property name="sun.jnu.encoding" value="Cp1252"/>
    <property name="java.library.path" value="C:\Program Files\Java\jdk1.8.0_45\bin;C:\WINDOWS\Sun\Java\bin;C:\WINDOWS\system32;C:\WINDOWS;C:/Program Files/Java/jre1.8.0_66/bin/server;C:/Program Files/Java/jre1.8.0_66/bin;C:/Program Files/Java/jre1.8.0_66/lib/amd64;C:\Program Files (x86)\Intel\iCLS Client\;C:\Program Files\Intel\iCLS Client\;C:\ProgramData\Oracle\Java\javapath;C:\Windows\system32;C:\Windows;C:\Windows\System32\Wbem;C:\Windows\System32\WindowsPowerShell\v1.0\;C:\Program Files (x86)\NVIDIA Corporation\PhysX\Common;C:\Program Files\Intel\Intel(R) Management Engine Components\DAL;C:\Program Files (x86)\Intel\Intel(R) Management Engine Components\DAL;C:\Program Files\Intel\Intel(R) Management Engine Components\IPT;C:\Program Files (x86)\Intel\Intel(R) Management Engine Components\IPT;C:\Program Files (x86)\Intel\OpenCL SDK\2.0\bin\x86;C:\Program Files (x86)\Intel\OpenCL SDK\2.0\bin\x64;C:\Program Files (x86)\Java\jre1.8.0_45\bin;C:\Program Files\Java\jdk1.8.0_45\bin;C:\WINDOWS\system32;C:\WINDOWS;C:\WINDOWS\System32\Wbem;C:\WINDOWS\System32\WindowsPowerShell\v1.0\;C:\Users\Michelle\Desktop\sonar-runner-2.4\bin;C:\Program Files (x86)\Skype\Phone\;C:\Users\Michelle\Documents\Les\apache-maven-3.3.9\bin;C:\MinGW\bin\;C:\WINDOWS\system32\config\systemprofile\.dnx\bin;C:\Program Files\Microsoft DNX\Dnvm\;C:\Program Files\Microsoft SQL Server\130\Tools\Binn\;C:\Program Files (x86)\Windows Kits\8.1\Windows Performance Toolkit\;C:\Users\Michelle\Documents\ComercioEletronico\Nova pasta\apache-ant-1.9.7\bin;C:\Program Files\MySQL\MySQL Utilities 1.6\;C:\Program Files (x86)\Microsoft SDKs\TypeScript\1.0\;C:\Program Files\Git\cmd;C:\Program Files\Git\mingw64\bin;C:\Program Files\Git\usr\bin;C:\Program Files (x86)\Intel\iCLS Client\;C:\Program Files\Intel\iCLS Client\;C:\ProgramData\Oracle\Java\javapath;C:\Windows\system32;C:\Windows;C:\Windows\System32\Wbem;C:\Windows\System32\WindowsPowerShell\v1.0\;C:\Program Files (x86)\NVIDIA Corporation\PhysX\Common;C:\Program Files\Intel\Intel(R) Management Engine Components\DAL;C:\Program Files (x86)\Intel\Intel(R) Management Engine Components\DAL;C:\Program Files\Intel\Intel(R) Management Engine Components\IPT;C:\Program Files (x86)\Intel\Intel(R) Management Engine Components\IPT;C:\Program Files (x86)\Intel\OpenCL SDK\2.0\bin\x86;C:\Program Files (x86)\Intel\OpenCL SDK\2.0\bin\x64;C:\Program Files (x86)\Java\jre1.8.0_45\bin;C:\Program Files\Java\jdk1.8.0_45\bin;C:\WINDOWS\system32;C:\WINDOWS;C:\WINDOWS\System32\Wbem;C:\WINDOWS\System32\WindowsPowerShell\v1.0\;C:\Users\Michelle\Desktop\sonar-runner-2.4\bin;C:\Program Files (x86)\Skype\Phone\;C:\Users\Michelle\Documents\Les\apache-maven-3.3.9\bin;C:\MinGW\bin\;C:\WINDOWS\system32\config\systemprofile\.dnx\bin;C:\Program Files\Microsoft DNX\Dnvm\;C:\Program Files\Microsoft SQL Server\130\Tools\Binn\;C:\Program Files (x86)\Windows Kits\8.1\Windows Performance Toolkit\;C:\Users\Michelle\Documents\ComercioEletronico\Nova pasta\apache-ant-1.9.7\bin;C:\Program Files\MySQL\MySQL Utilities 1.6\;C:\Program Files (x86)\Microsoft SDKs\TypeScript\1.0\;C:\Program Files\Git\cmd;C:\Program Files\Git\mingw64\bin;C:\Program Files\Git\usr\bin;C:\Python31;C:\Users\Michelle\AppData\Local\Microsoft\WindowsApps;;C:\Users\Michelle\Desktop;;."/>
    <property name="java.specification.name" value="Java Platform API Specification"/>
    <property name="java.class.version" value="52.0"/>
    <property name="sun.management.compiler" value="HotSpot 64-Bit Tiered Compilers"/>
    <property name="os.version" value="6.3"/>
    <property name="user.home" value="C:\Users\Michelle"/>
    <property name="user.timezone" value="America/Sao_Paulo"/>
    <property name="java.awt.printerjob" value="sun.awt.windows.WPrinterJob"/>
    <property name="java.specification.version" value="1.8"/>
    <property name="file.encoding" value="Cp1252"/>
    <property name="user.name" value="Michelle"/>
    <property name="java.class.path" value="/C:/Users/Michelle/eclipse/jee-neon2/eclipse/../../../.p2/pool/plugins/org.eclipse.m2e.maven.runtime_1.7.0.20160603-1931/jars/plexus-classworlds-2.5.2.jar"/>
    <property name="java.vm.specification.version" value="1.8"/>
    <property name="sun.arch.data.model" value="64"/>
    <property name="java.home" value="C:\Program Files\Java\jdk1.8.0_45\jre"/>
    <property name="sun.java.command" value="org.codehaus.plexus.classworlds.launcher.Launcher -B test"/>
    <property name="java.specification.vendor" value="Oracle Corporation"/>
    <property name="user.language" value="pt"/>
    <property name="awt.toolkit" value="sun.awt.windows.WToolkit"/>
    <property name="java.vm.info" value="mixed mode"/>
    <property name="java.version" value="1.8.0_45"/>
    <property name="java.ext.dirs" value="C:\Program Files\Java\jdk1.8.0_45\jre\lib\ext;C:\WINDOWS\Sun\Java\lib\ext"/>
    <property name="sun.boot.class.path" value="C:\Program Files\Java\jdk1.8.0_45\jre\lib\resources.jar;C:\Program Files\Java\jdk1.8.0_45\jre\lib\rt.jar;C:\Program Files\Java\jdk1.8.0_45\jre\lib\sunrsasign.jar;C:\Program Files\Java\jdk1.8.0_45\jre\lib\jsse.jar;C:\Program Files\Java\jdk1.8.0_45\jre\lib\jce.jar;C:\Program Files\Java\jdk1.8.0_45\jre\lib\charsets.jar;C:\Program Files\Java\jdk1.8.0_45\jre\lib\jfr.jar;C:\Program Files\Java\jdk1.8.0_45\jre\classes"/>
    <property name="java.vendor" value="Oracle Corporation"/>
    <property name="maven.home" value="C:\Users\Michelle\Documents\Les\2017_1\ProjetoFranginho\MicroGerencia\backend\EMBEDDED"/>
    <property name="file.separator" value="\"/>
    <property name="java.vendor.url.bug" value="http://bugreport.sun.com/bugreport/"/>
    <property name="sun.cpu.endian" value="little"/>
    <property name="sun.io.unicode.encoding" value="UnicodeLittle"/>
    <property name="sun.desktop" value="windows"/>
    <property name="sun.cpu.isalist" value="amd64"/>
  </properties>
  <testcase name="Given produto ainda nao foi cadastrado" classname="Scenario: produto foi cadastrado com sucesso" time="0">
    <skipped/>
  </testcase>
  <testcase name="When Eu quero cadastrar o produto" classname="Scenario: produto foi cadastrado com sucesso" time="0">
    <skipped/>
  </testcase>
  <testcase name="Then mensagem de sucesso" classname="Scenario: produto foi cadastrado com sucesso" time="0">
    <skipped/>
  </testcase>
  <testcase name="Scenario: produto foi cadastrado com sucesso" classname="Scenario: produto foi cadastrado com sucesso" time="0">
    <skipped/>
  </testcase>
  <testcase name="Scenario: produto foi cadastrado com sucesso" classname="Scenario: produto foi cadastrado com sucesso" time="0.009"/>
  <testcase name="Given produto já foi cadastrado" classname="Scenario: produto já cadastrado" time="0">
    <skipped/>
  </testcase>
  <testcase name="When Eu quero cadastrar o produto existente" classname="Scenario: produto já cadastrado" time="0">
    <skipped/>
  </testcase>
  <testcase name="Then mensagem de produto já cadastrado" classname="Scenario: produto já cadastrado" time="0">
    <skipped/>
  </testcase>
  <testcase name="Scenario: produto já cadastrado" classname="Scenario: produto já cadastrado" time="0">
    <skipped/>
  </testcase>
  <testcase name="Scenario: produto já cadastrado" classname="Scenario: produto já cadastrado" time="0"/>
  <testcase name="Given produto ainda nao foi cadastrado" classname="Scenario: produto não foi cadastrado" time="0">
    <skipped/>
  </testcase>
  <testcase name="When Eu quero cadastrar o produto sem nome" classname="Scenario: produto não foi cadastrado" time="0">
    <skipped/>
  </testcase>
  <testcase name="Then mensegem de erro no preenchimento do produto" classname="Scenario: produto não foi cadastrado" time="0">
    <skipped/>
  </testcase>
  <testcase name="Scenario: produto não foi cadastrado" classname="Scenario: produto não foi cadastrado" time="0">
    <skipped/>
  </testcase>
  <testcase name="Scenario: produto não foi cadastrado" classname="Scenario: produto não foi cadastrado" time="0"/>
</testsuite>